
*** Running vivado
    with args -log Game.vds -m64 -product Vivado -mode batch -messageDb vivado.pb -notrace -source Game.tcl



****** Vivado v2020.1 (64-bit)
  **** SW Build 2902540 on Wed May 27 19:54:49 MDT 2020
  **** IP Build 2902112 on Wed May 27 22:43:36 MDT 2020
    ** Copyright 1986-2020 Xilinx, Inc. All Rights Reserved.

source Game.tcl -notrace
Command: synth_design -top Game -part xc7a35tcpg236-1
Starting synth_design
Attempting to get a license for feature 'Synthesis' and/or device 'xc7a35t'
INFO: [Common 17-349] Got license for feature 'Synthesis' and/or device 'xc7a35t'
INFO: [Device 21-403] Loading part xc7a35tcpg236-1
INFO: [Synth 8-7079] Multithreading enabled for synth_design using a maximum of 2 processes.
INFO: [Synth 8-7078] Launching helper process for spawning children vivado processes
INFO: [Synth 8-7075] Helper process launched with PID 12592
---------------------------------------------------------------------------------
Starting RTL Elaboration : Time (s): cpu = 00:00:01 ; elapsed = 00:00:03 . Memory (MB): peak = 1036.910 ; gain = 0.000
---------------------------------------------------------------------------------
INFO: [Synth 8-638] synthesizing module 'Game' [D:/Semster6/ELCT605/PingPongGame/PingPongGame.srcs/sources_1/new/Game.vhd:34]
WARNING: [Synth 8-613] shared variable will be implemented as local to architecture [D:/Semster6/ELCT605/PingPongGame/PingPongGame.srcs/sources_1/new/Game.vhd:37]
WARNING: [Synth 8-613] shared variable will be implemented as local to architecture [D:/Semster6/ELCT605/PingPongGame/PingPongGame.srcs/sources_1/new/Game.vhd:38]
WARNING: [Synth 8-613] shared variable will be implemented as local to architecture [D:/Semster6/ELCT605/PingPongGame/PingPongGame.srcs/sources_1/new/Game.vhd:38]
WARNING: [Synth 8-613] shared variable will be implemented as local to architecture [D:/Semster6/ELCT605/PingPongGame/PingPongGame.srcs/sources_1/new/Game.vhd:48]
WARNING: [Synth 8-613] shared variable will be implemented as local to architecture [D:/Semster6/ELCT605/PingPongGame/PingPongGame.srcs/sources_1/new/Game.vhd:51]
WARNING: [Synth 8-613] shared variable will be implemented as local to architecture [D:/Semster6/ELCT605/PingPongGame/PingPongGame.srcs/sources_1/new/Game.vhd:54]
WARNING: [Synth 8-613] shared variable will be implemented as local to architecture [D:/Semster6/ELCT605/PingPongGame/PingPongGame.srcs/sources_1/new/Game.vhd:57]
WARNING: [Synth 8-613] shared variable will be implemented as local to architecture [D:/Semster6/ELCT605/PingPongGame/PingPongGame.srcs/sources_1/new/Game.vhd:79]
WARNING: [Synth 8-613] shared variable will be implemented as local to architecture [D:/Semster6/ELCT605/PingPongGame/PingPongGame.srcs/sources_1/new/Game.vhd:82]
WARNING: [Synth 8-613] shared variable will be implemented as local to architecture [D:/Semster6/ELCT605/PingPongGame/PingPongGame.srcs/sources_1/new/Game.vhd:85]
WARNING: [Synth 8-613] shared variable will be implemented as local to architecture [D:/Semster6/ELCT605/PingPongGame/PingPongGame.srcs/sources_1/new/Game.vhd:88]
WARNING: [Synth 8-613] shared variable will be implemented as local to architecture [D:/Semster6/ELCT605/PingPongGame/PingPongGame.srcs/sources_1/new/Game.vhd:94]
WARNING: [Synth 8-613] shared variable will be implemented as local to architecture [D:/Semster6/ELCT605/PingPongGame/PingPongGame.srcs/sources_1/new/Game.vhd:97]
WARNING: [Synth 8-613] shared variable will be implemented as local to architecture [D:/Semster6/ELCT605/PingPongGame/PingPongGame.srcs/sources_1/new/Game.vhd:100]
WARNING: [Synth 8-613] shared variable will be implemented as local to architecture [D:/Semster6/ELCT605/PingPongGame/PingPongGame.srcs/sources_1/new/Game.vhd:103]
WARNING: [Synth 8-613] shared variable will be implemented as local to architecture [D:/Semster6/ELCT605/PingPongGame/PingPongGame.srcs/sources_1/new/Game.vhd:106]
WARNING: [Synth 8-613] shared variable will be implemented as local to architecture [D:/Semster6/ELCT605/PingPongGame/PingPongGame.srcs/sources_1/new/Game.vhd:107]
INFO: [Synth 8-256] done synthesizing module 'Game' (1#1) [D:/Semster6/ELCT605/PingPongGame/PingPongGame.srcs/sources_1/new/Game.vhd:34]
---------------------------------------------------------------------------------
Finished RTL Elaboration : Time (s): cpu = 00:00:01 ; elapsed = 00:00:05 . Memory (MB): peak = 1054.258 ; gain = 17.348
---------------------------------------------------------------------------------
---------------------------------------------------------------------------------
Start Handling Custom Attributes
---------------------------------------------------------------------------------
---------------------------------------------------------------------------------
Finished Handling Custom Attributes : Time (s): cpu = 00:00:02 ; elapsed = 00:00:05 . Memory (MB): peak = 1054.258 ; gain = 17.348
---------------------------------------------------------------------------------
---------------------------------------------------------------------------------
Finished RTL Optimization Phase 1 : Time (s): cpu = 00:00:02 ; elapsed = 00:00:05 . Memory (MB): peak = 1054.258 ; gain = 17.348
---------------------------------------------------------------------------------
Netlist sorting complete. Time (s): cpu = 00:00:00 ; elapsed = 00:00:00.012 . Memory (MB): peak = 1054.258 ; gain = 0.000
INFO: [Project 1-570] Preparing netlist for logic optimization

Processing XDC Constraints
Initializing timing engine
Parsing XDC File [D:/Semster6/ELCT605/Basys3_Master.xdc]
Finished Parsing XDC File [D:/Semster6/ELCT605/Basys3_Master.xdc]
INFO: [Project 1-236] Implementation specific constraints were found while reading constraint file [D:/Semster6/ELCT605/Basys3_Master.xdc]. These constraints will be ignored for synthesis but will be used in implementation. Impacted constraints are listed in the file [.Xil/Game_propImpl.xdc].
Resolution: To avoid this warning, move constraints listed in [.Xil/Game_propImpl.xdc] to another XDC file and exclude this new file from synthesis with the used_in_synthesis property (File Properties dialog in GUI) and re-run elaboration/synthesis.
Completed Processing XDC Constraints

Netlist sorting complete. Time (s): cpu = 00:00:00 ; elapsed = 00:00:00 . Memory (MB): peak = 1178.574 ; gain = 0.000
INFO: [Project 1-111] Unisim Transformation Summary:
No Unisim elements were transformed.

Constraint Validation Runtime : Time (s): cpu = 00:00:00 ; elapsed = 00:00:00.004 . Memory (MB): peak = 1178.574 ; gain = 0.000
---------------------------------------------------------------------------------
Finished Constraint Validation : Time (s): cpu = 00:00:03 ; elapsed = 00:00:09 . Memory (MB): peak = 1178.574 ; gain = 141.664
---------------------------------------------------------------------------------
---------------------------------------------------------------------------------
Start Loading Part and Timing Information
---------------------------------------------------------------------------------
Loading part: xc7a35tcpg236-1
---------------------------------------------------------------------------------
Finished Loading Part and Timing Information : Time (s): cpu = 00:00:03 ; elapsed = 00:00:09 . Memory (MB): peak = 1178.574 ; gain = 141.664
---------------------------------------------------------------------------------
---------------------------------------------------------------------------------
Start Applying 'set_property' XDC Constraints
---------------------------------------------------------------------------------
---------------------------------------------------------------------------------
Finished applying 'set_property' XDC Constraints : Time (s): cpu = 00:00:03 ; elapsed = 00:00:09 . Memory (MB): peak = 1178.574 ; gain = 141.664
---------------------------------------------------------------------------------
---------------------------------------------------------------------------------
Finished RTL Optimization Phase 2 : Time (s): cpu = 00:00:04 ; elapsed = 00:00:10 . Memory (MB): peak = 1178.574 ; gain = 141.664
---------------------------------------------------------------------------------
---------------------------------------------------------------------------------
Start RTL Component Statistics 
---------------------------------------------------------------------------------
Detailed RTL Component Info : 
+---Adders : 
	   2 Input   32 Bit       Adders := 4     
	   2 Input   10 Bit       Adders := 4     
	   2 Input    9 Bit       Adders := 4     
+---Registers : 
	               32 Bit    Registers := 1     
	                9 Bit    Registers := 2     
	                4 Bit    Registers := 3     
	                1 Bit    Registers := 7     
+---Muxes : 
	   2 Input   32 Bit        Muxes := 25    
	   5 Input   32 Bit        Muxes := 7     
	   2 Input    9 Bit        Muxes := 12    
	   2 Input    4 Bit        Muxes := 71    
	   5 Input    4 Bit        Muxes := 6     
	   6 Input    4 Bit        Muxes := 6     
	   8 Input    4 Bit        Muxes := 3     
	   3 Input    4 Bit        Muxes := 3     
	   4 Input    4 Bit        Muxes := 3     
	  11 Input    4 Bit        Muxes := 6     
	   2 Input    1 Bit        Muxes := 17    
---------------------------------------------------------------------------------
Finished RTL Component Statistics 
---------------------------------------------------------------------------------
---------------------------------------------------------------------------------
Start Part Resource Summary
---------------------------------------------------------------------------------
Part Resources:
DSPs: 90 (col length:60)
BRAMs: 100 (col length: RAMB18 60 RAMB36 30)
---------------------------------------------------------------------------------
Finished Part Resource Summary
---------------------------------------------------------------------------------
---------------------------------------------------------------------------------
Start Cross Boundary and Area Optimization
---------------------------------------------------------------------------------
---------------------------------------------------------------------------------
Finished Cross Boundary and Area Optimization : Time (s): cpu = 00:00:06 ; elapsed = 00:00:15 . Memory (MB): peak = 1178.574 ; gain = 141.664
---------------------------------------------------------------------------------
---------------------------------------------------------------------------------
Start Applying XDC Timing Constraints
---------------------------------------------------------------------------------
---------------------------------------------------------------------------------
Finished Applying XDC Timing Constraints : Time (s): cpu = 00:00:09 ; elapsed = 00:00:20 . Memory (MB): peak = 1178.574 ; gain = 141.664
---------------------------------------------------------------------------------
---------------------------------------------------------------------------------
Start Timing Optimization
---------------------------------------------------------------------------------
---------------------------------------------------------------------------------
Finished Timing Optimization : Time (s): cpu = 00:00:09 ; elapsed = 00:00:20 . Memory (MB): peak = 1178.574 ; gain = 141.664
---------------------------------------------------------------------------------
---------------------------------------------------------------------------------
Start Technology Mapping
---------------------------------------------------------------------------------
---------------------------------------------------------------------------------
Finished Technology Mapping : Time (s): cpu = 00:00:09 ; elapsed = 00:00:20 . Memory (MB): peak = 1179.883 ; gain = 142.973
---------------------------------------------------------------------------------
---------------------------------------------------------------------------------
Start IO Insertion
---------------------------------------------------------------------------------
---------------------------------------------------------------------------------
Start Flattening Before IO Insertion
---------------------------------------------------------------------------------
---------------------------------------------------------------------------------
Finished Flattening Before IO Insertion
---------------------------------------------------------------------------------
---------------------------------------------------------------------------------
Start Final Netlist Cleanup
---------------------------------------------------------------------------------
---------------------------------------------------------------------------------
Finished Final Netlist Cleanup
---------------------------------------------------------------------------------
---------------------------------------------------------------------------------
Finished IO Insertion : Time (s): cpu = 00:00:10 ; elapsed = 00:00:22 . Memory (MB): peak = 1184.656 ; gain = 147.746
---------------------------------------------------------------------------------
---------------------------------------------------------------------------------
Start Renaming Generated Instances
---------------------------------------------------------------------------------
---------------------------------------------------------------------------------
Finished Renaming Generated Instances : Time (s): cpu = 00:00:10 ; elapsed = 00:00:22 . Memory (MB): peak = 1184.656 ; gain = 147.746
---------------------------------------------------------------------------------
---------------------------------------------------------------------------------
Start Rebuilding User Hierarchy
---------------------------------------------------------------------------------
---------------------------------------------------------------------------------
Finished Rebuilding User Hierarchy : Time (s): cpu = 00:00:10 ; elapsed = 00:00:22 . Memory (MB): peak = 1184.656 ; gain = 147.746
---------------------------------------------------------------------------------
---------------------------------------------------------------------------------
Start Renaming Generated Ports
---------------------------------------------------------------------------------
---------------------------------------------------------------------------------
Finished Renaming Generated Ports : Time (s): cpu = 00:00:10 ; elapsed = 00:00:22 . Memory (MB): peak = 1184.656 ; gain = 147.746
---------------------------------------------------------------------------------
---------------------------------------------------------------------------------
Start Handling Custom Attributes
---------------------------------------------------------------------------------
---------------------------------------------------------------------------------
Finished Handling Custom Attributes : Time (s): cpu = 00:00:10 ; elapsed = 00:00:22 . Memory (MB): peak = 1184.656 ; gain = 147.746
---------------------------------------------------------------------------------
---------------------------------------------------------------------------------
Start Renaming Generated Nets
---------------------------------------------------------------------------------
---------------------------------------------------------------------------------
Finished Renaming Generated Nets : Time (s): cpu = 00:00:10 ; elapsed = 00:00:22 . Memory (MB): peak = 1184.656 ; gain = 147.746
---------------------------------------------------------------------------------
---------------------------------------------------------------------------------
Start Writing Synthesis Report
---------------------------------------------------------------------------------

Report BlackBoxes: 
+-+--------------+----------+
| |BlackBox name |Instances |
+-+--------------+----------+
+-+--------------+----------+

Report Cell Usage: 
+------+-------+------+
|      |Cell   |Count |
+------+-------+------+
|1     |BUFG   |     2|
|2     |CARRY4 |   332|
|3     |LUT1   |    43|
|4     |LUT2   |  1064|
|5     |LUT3   |    35|
|6     |LUT4   |   261|
|7     |LUT5   |   283|
|8     |LUT6   |   222|
|9     |FDRE   |   245|
|10    |FDSE   |     6|
|11    |IBUF   |     6|
|12    |OBUF   |    14|
+------+-------+------+
---------------------------------------------------------------------------------
Finished Writing Synthesis Report : Time (s): cpu = 00:00:10 ; elapsed = 00:00:22 . Memory (MB): peak = 1184.656 ; gain = 147.746
---------------------------------------------------------------------------------
Synthesis finished with 0 errors, 0 critical warnings and 0 warnings.
Synthesis Optimization Runtime : Time (s): cpu = 00:00:08 ; elapsed = 00:00:21 . Memory (MB): peak = 1184.656 ; gain = 23.430
Synthesis Optimization Complete : Time (s): cpu = 00:00:10 ; elapsed = 00:00:22 . Memory (MB): peak = 1184.656 ; gain = 147.746
INFO: [Project 1-571] Translating synthesized netlist
Netlist sorting complete. Time (s): cpu = 00:00:00 ; elapsed = 00:00:00.020 . Memory (MB): peak = 1191.398 ; gain = 0.000
INFO: [Netlist 29-17] Analyzing 332 Unisim elements for replacement
INFO: [Netlist 29-28] Unisim Transformation completed in 0 CPU seconds
WARNING: [Netlist 29-101] Netlist 'Game' is not ideal for floorplanning, since the cellview 'Game' contains a large number of primitives.  Please consider enabling hierarchy in synthesis if you want to do floorplanning.
INFO: [Project 1-570] Preparing netlist for logic optimization
INFO: [Opt 31-138] Pushed 0 inverter(s) to 0 load pin(s).
Netlist sorting complete. Time (s): cpu = 00:00:00 ; elapsed = 00:00:00 . Memory (MB): peak = 1199.148 ; gain = 0.000
INFO: [Project 1-111] Unisim Transformation Summary:
No Unisim elements were transformed.

INFO: [Common 17-83] Releasing license: Synthesis
17 Infos, 18 Warnings, 0 Critical Warnings and 0 Errors encountered.
synth_design completed successfully
synth_design: Time (s): cpu = 00:00:11 ; elapsed = 00:00:35 . Memory (MB): peak = 1199.148 ; gain = 162.238
INFO: [Common 17-1381] The checkpoint 'D:/Semster6/ELCT605/PingPongGame/PingPongGame.runs/synth_1/Game.dcp' has been generated.
INFO: [runtcl-4] Executing : report_utilization -file Game_utilization_synth.rpt -pb Game_utilization_synth.pb
INFO: [Common 17-206] Exiting Vivado at Thu May 11 15:24:29 2023...
